<?xml version="1.0" encoding="UTF-8" ?>
<testsuite failures="0" time="1.461" errors="2" skipped="0" tests="2" name="com.tiago.jsonintegration.StringConversionServiceTest">
  <properties>
    <property name="java.runtime.name" value="Java(TM) SE Runtime Environment"/>
    <property name="sun.boot.library.path" value="/opt/sun-jdk-1.6.0.33/jre/lib/amd64"/>
    <property name="java.vm.version" value="20.8-b03"/>
    <property name="java.vm.vendor" value="Sun Microsystems Inc."/>
    <property name="java.vendor.url" value="http://java.sun.com/"/>
    <property name="path.separator" value=":"/>
    <property name="java.vm.name" value="Java HotSpot(TM) 64-Bit Server VM"/>
    <property name="file.encoding.pkg" value="sun.io"/>
    <property name="user.country" value="US"/>
    <property name="sun.java.launcher" value="SUN_STANDARD"/>
    <property name="sun.os.patch.level" value="unknown"/>
    <property name="java.vm.specification.name" value="Java Virtual Machine Specification"/>
    <property name="user.dir" value="/home/neo/Documents/workspace-sts/json"/>
    <property name="java.runtime.version" value="1.6.0_33-b04"/>
    <property name="java.awt.graphicsenv" value="sun.awt.X11GraphicsEnvironment"/>
    <property name="basedir" value="/home/neo/Documents/workspace-sts/json"/>
    <property name="java.endorsed.dirs" value="/opt/sun-jdk-1.6.0.33/jre/lib/endorsed"/>
    <property name="os.arch" value="amd64"/>
    <property name="surefire.real.class.path" value="/home/neo/Documents/workspace-sts/json/target/surefire/surefirebooter3800535164319580908.jar"/>
    <property name="java.io.tmpdir" value="/tmp"/>
    <property name="line.separator" value="
"/>
    <property name="java.vm.specification.vendor" value="Sun Microsystems Inc."/>
    <property name="os.name" value="Linux"/>
    <property name="sun.jnu.encoding" value="ANSI_X3.4-1968"/>
    <property name="java.library.path" value="/opt/sun-jdk-1.6.0.33/jre/lib/amd64/server:/opt/sun-jdk-1.6.0.33/jre/lib/amd64:/opt/sun-jdk-1.6.0.33/jre/../lib/amd64:/usr/java/packages/lib/amd64:/usr/lib64:/lib64:/lib:/usr/lib"/>
    <property name="surefire.test.class.path" value="/home/neo/Documents/workspace-sts/json/target/test-classes:/home/neo/Documents/workspace-sts/json/target/classes:/home/neo/.m2/repository/junit/junit/4.10/junit-4.10.jar:/home/neo/.m2/repository/org/hamcrest/hamcrest-core/1.1/hamcrest-core-1.1.jar:/home/neo/.m2/repository/org/springframework/integration/spring-integration-core/2.1.0.RELEASE/spring-integration-core-2.1.0.RELEASE.jar:/home/neo/.m2/repository/org/springframework/spring-aop/3.0.7.RELEASE/spring-aop-3.0.7.RELEASE.jar:/home/neo/.m2/repository/aopalliance/aopalliance/1.0/aopalliance-1.0.jar:/home/neo/.m2/repository/org/springframework/spring-context/3.0.7.RELEASE/spring-context-3.0.7.RELEASE.jar:/home/neo/.m2/repository/org/springframework/spring-expression/3.0.7.RELEASE/spring-expression-3.0.7.RELEASE.jar:/home/neo/.m2/repository/org/springframework/spring-core/3.1.1.RELEASE/spring-core-3.1.1.RELEASE.jar:/home/neo/.m2/repository/org/springframework/spring-asm/3.1.1.RELEASE/spring-asm-3.1.1.RELEASE.jar:/home/neo/.m2/repository/commons-logging/commons-logging/1.1.1/commons-logging-1.1.1.jar:/home/neo/.m2/repository/org/aspectj/aspectjweaver/1.6.12/aspectjweaver-1.6.12.jar:/home/neo/.m2/repository/org/springframework/spring-aspects/3.1.1.RELEASE/spring-aspects-3.1.1.RELEASE.jar:/home/neo/.m2/repository/org/springframework/spring-beans/3.1.1.RELEASE/spring-beans-3.1.1.RELEASE.jar:/home/neo/.m2/repository/org/springframework/spring-context-support/3.1.1.RELEASE/spring-context-support-3.1.1.RELEASE.jar:/home/neo/.m2/repository/org/springframework/spring-test/3.1.1.RELEASE/spring-test-3.1.1.RELEASE.jar:/home/neo/.m2/repository/ch/qos/logback/logback-classic/1.0.0/logback-classic-1.0.0.jar:/home/neo/.m2/repository/ch/qos/logback/logback-core/1.0.0/logback-core-1.0.0.jar:/home/neo/.m2/repository/org/slf4j/slf4j-api/1.6.4/slf4j-api-1.6.4.jar:/home/neo/.m2/repository/org/slf4j/log4j-over-slf4j/1.6.4/log4j-over-slf4j-1.6.4.jar:/home/neo/.m2/repository/org/slf4j/jcl-over-slf4j/1.6.4/jcl-over-slf4j-1.6.4.jar:"/>
    <property name="java.specification.name" value="Java Platform API Specification"/>
    <property name="java.class.version" value="50.0"/>
    <property name="sun.management.compiler" value="HotSpot 64-Bit Tiered Compilers"/>
    <property name="os.version" value="3.2.12-gentoo-rc"/>
    <property name="user.home" value="/home/neo"/>
    <property name="user.timezone" value="Europe/Lisbon"/>
    <property name="java.awt.printerjob" value="sun.print.PSPrinterJob"/>
    <property name="file.encoding" value="ANSI_X3.4-1968"/>
    <property name="java.specification.version" value="1.6"/>
    <property name="user.name" value="neo"/>
    <property name="java.class.path" value="/home/neo/Documents/workspace-sts/json/target/test-classes:/home/neo/Documents/workspace-sts/json/target/classes:/home/neo/.m2/repository/junit/junit/4.10/junit-4.10.jar:/home/neo/.m2/repository/org/hamcrest/hamcrest-core/1.1/hamcrest-core-1.1.jar:/home/neo/.m2/repository/org/springframework/integration/spring-integration-core/2.1.0.RELEASE/spring-integration-core-2.1.0.RELEASE.jar:/home/neo/.m2/repository/org/springframework/spring-aop/3.0.7.RELEASE/spring-aop-3.0.7.RELEASE.jar:/home/neo/.m2/repository/aopalliance/aopalliance/1.0/aopalliance-1.0.jar:/home/neo/.m2/repository/org/springframework/spring-context/3.0.7.RELEASE/spring-context-3.0.7.RELEASE.jar:/home/neo/.m2/repository/org/springframework/spring-expression/3.0.7.RELEASE/spring-expression-3.0.7.RELEASE.jar:/home/neo/.m2/repository/org/springframework/spring-core/3.1.1.RELEASE/spring-core-3.1.1.RELEASE.jar:/home/neo/.m2/repository/org/springframework/spring-asm/3.1.1.RELEASE/spring-asm-3.1.1.RELEASE.jar:/home/neo/.m2/repository/commons-logging/commons-logging/1.1.1/commons-logging-1.1.1.jar:/home/neo/.m2/repository/org/aspectj/aspectjweaver/1.6.12/aspectjweaver-1.6.12.jar:/home/neo/.m2/repository/org/springframework/spring-aspects/3.1.1.RELEASE/spring-aspects-3.1.1.RELEASE.jar:/home/neo/.m2/repository/org/springframework/spring-beans/3.1.1.RELEASE/spring-beans-3.1.1.RELEASE.jar:/home/neo/.m2/repository/org/springframework/spring-context-support/3.1.1.RELEASE/spring-context-support-3.1.1.RELEASE.jar:/home/neo/.m2/repository/org/springframework/spring-test/3.1.1.RELEASE/spring-test-3.1.1.RELEASE.jar:/home/neo/.m2/repository/ch/qos/logback/logback-classic/1.0.0/logback-classic-1.0.0.jar:/home/neo/.m2/repository/ch/qos/logback/logback-core/1.0.0/logback-core-1.0.0.jar:/home/neo/.m2/repository/org/slf4j/slf4j-api/1.6.4/slf4j-api-1.6.4.jar:/home/neo/.m2/repository/org/slf4j/log4j-over-slf4j/1.6.4/log4j-over-slf4j-1.6.4.jar:/home/neo/.m2/repository/org/slf4j/jcl-over-slf4j/1.6.4/jcl-over-slf4j-1.6.4.jar:"/>
    <property name="java.vm.specification.version" value="1.0"/>
    <property name="sun.arch.data.model" value="64"/>
    <property name="java.home" value="/opt/sun-jdk-1.6.0.33/jre"/>
    <property name="sun.java.command" value="/home/neo/Documents/workspace-sts/json/target/surefire/surefirebooter3800535164319580908.jar /home/neo/Documents/workspace-sts/json/target/surefire/surefire9056316559432402591tmp /home/neo/Documents/workspace-sts/json/target/surefire/surefire448971077678446424tmp"/>
    <property name="java.specification.vendor" value="Sun Microsystems Inc."/>
    <property name="user.language" value="en"/>
    <property name="java.vm.info" value="mixed mode"/>
    <property name="java.version" value="1.6.0_33"/>
    <property name="java.ext.dirs" value="/opt/sun-jdk-1.6.0.33/jre/lib/ext:/usr/java/packages/lib/ext"/>
    <property name="sun.boot.class.path" value="/opt/sun-jdk-1.6.0.33/jre/lib/resources.jar:/opt/sun-jdk-1.6.0.33/jre/lib/rt.jar:/opt/sun-jdk-1.6.0.33/jre/lib/sunrsasign.jar:/opt/sun-jdk-1.6.0.33/jre/lib/jsse.jar:/opt/sun-jdk-1.6.0.33/jre/lib/jce.jar:/opt/sun-jdk-1.6.0.33/jre/lib/charsets.jar:/opt/sun-jdk-1.6.0.33/jre/lib/modules/jdk.boot.jar:/opt/sun-jdk-1.6.0.33/jre/classes"/>
    <property name="java.vendor" value="Sun Microsystems Inc."/>
    <property name="localRepository" value="/home/neo/.m2/repository"/>
    <property name="file.separator" value="/"/>
    <property name="java.vendor.url.bug" value="http://java.sun.com/cgi-bin/bugreport.cgi"/>
    <property name="sun.cpu.endian" value="little"/>
    <property name="sun.io.unicode.encoding" value="UnicodeLittle"/>
    <property name="sun.desktop" value="gnome"/>
    <property name="sun.cpu.isalist" value=""/>
  </properties>
  <testcase time="1.245" classname="com.tiago.jsonintegration.StringConversionServiceTest" name="testStartupOfSpringInegrationContext">
    <error message="Error creating bean with name &apos;gateway&apos;: Initialization of bean failed; nested exception is java.lang.NoSuchFieldError: NULL" type="org.springframework.beans.factory.BeanCreationException">org.springframework.beans.factory.BeanCreationException: Error creating bean with name &apos;gateway&apos;: Initialization of bean failed; nested exception is java.lang.NoSuchFieldError: NULL
	at org.springframework.beans.factory.support.AbstractAutowireCapableBeanFactory.doCreateBean(AbstractAutowireCapableBeanFactory.java:527)
	at org.springframework.beans.factory.support.AbstractAutowireCapableBeanFactory.createBean(AbstractAutowireCapableBeanFactory.java:456)
	at org.springframework.beans.factory.support.AbstractBeanFactory$1.getObject(AbstractBeanFactory.java:294)
	at org.springframework.beans.factory.support.DefaultSingletonBeanRegistry.getSingleton(DefaultSingletonBeanRegistry.java:225)
	at org.springframework.beans.factory.support.AbstractBeanFactory.doGetBean(AbstractBeanFactory.java:291)
	at org.springframework.beans.factory.support.AbstractBeanFactory.getBean(AbstractBeanFactory.java:193)
	at org.springframework.beans.factory.support.DefaultListableBeanFactory.preInstantiateSingletons(DefaultListableBeanFactory.java:567)
	at org.springframework.context.support.AbstractApplicationContext.finishBeanFactoryInitialization(AbstractApplicationContext.java:895)
	at org.springframework.context.support.AbstractApplicationContext.refresh(AbstractApplicationContext.java:425)
	at org.springframework.context.support.ClassPathXmlApplicationContext.&lt;init&gt;(ClassPathXmlApplicationContext.java:197)
	at org.springframework.context.support.ClassPathXmlApplicationContext.&lt;init&gt;(ClassPathXmlApplicationContext.java:172)
	at org.springframework.context.support.ClassPathXmlApplicationContext.&lt;init&gt;(ClassPathXmlApplicationContext.java:158)
	at com.tiago.jsonintegration.StringConversionServiceTest.testStartupOfSpringInegrationContext(StringConversionServiceTest.java:35)
	at sun.reflect.NativeMethodAccessorImpl.invoke0(Native Method)
	at sun.reflect.NativeMethodAccessorImpl.invoke(NativeMethodAccessorImpl.java:39)
	at sun.reflect.DelegatingMethodAccessorImpl.invoke(DelegatingMethodAccessorImpl.java:25)
	at java.lang.reflect.Method.invoke(Method.java:597)
	at org.junit.runners.model.FrameworkMethod$1.runReflectiveCall(FrameworkMethod.java:45)
	at org.junit.internal.runners.model.ReflectiveCallable.run(ReflectiveCallable.java:15)
	at org.junit.runners.model.FrameworkMethod.invokeExplosively(FrameworkMethod.java:42)
	at org.junit.internal.runners.statements.InvokeMethod.evaluate(InvokeMethod.java:20)
	at org.junit.runners.ParentRunner.runLeaf(ParentRunner.java:263)
	at org.junit.runners.BlockJUnit4ClassRunner.runChild(BlockJUnit4ClassRunner.java:68)
	at org.junit.runners.BlockJUnit4ClassRunner.runChild(BlockJUnit4ClassRunner.java:47)
	at org.junit.runners.ParentRunner$3.run(ParentRunner.java:231)
	at org.junit.runners.ParentRunner$1.schedule(ParentRunner.java:60)
	at org.junit.runners.ParentRunner.runChildren(ParentRunner.java:229)
	at org.junit.runners.ParentRunner.access$000(ParentRunner.java:50)
	at org.junit.runners.ParentRunner$2.evaluate(ParentRunner.java:222)
	at org.junit.runners.ParentRunner.run(ParentRunner.java:300)
	at org.apache.maven.surefire.junit4.JUnit4TestSet.execute(JUnit4TestSet.java:35)
	at org.apache.maven.surefire.junit4.JUnit4Provider.executeTestSet(JUnit4Provider.java:115)
	at org.apache.maven.surefire.junit4.JUnit4Provider.invoke(JUnit4Provider.java:97)
	at sun.reflect.NativeMethodAccessorImpl.invoke0(Native Method)
	at sun.reflect.NativeMethodAccessorImpl.invoke(NativeMethodAccessorImpl.java:39)
	at sun.reflect.DelegatingMethodAccessorImpl.invoke(DelegatingMethodAccessorImpl.java:25)
	at java.lang.reflect.Method.invoke(Method.java:597)
	at org.apache.maven.surefire.booter.ProviderFactory$ClassLoaderProxy.invoke(ProviderFactory.java:103)
	at $Proxy0.invoke(Unknown Source)
	at org.apache.maven.surefire.booter.SurefireStarter.invokeProvider(SurefireStarter.java:150)
	at org.apache.maven.surefire.booter.SurefireStarter.runSuitesInProcess(SurefireStarter.java:91)
	at org.apache.maven.surefire.booter.ForkedBooter.main(ForkedBooter.java:69)
Caused by: java.lang.NoSuchFieldError: NULL
	at org.springframework.expression.TypedValue.&lt;clinit&gt;(TypedValue.java:32)
	at org.springframework.expression.spel.support.StandardEvaluationContext.setRootObject(StandardEvaluationContext.java:88)
	at org.springframework.expression.spel.support.StandardEvaluationContext.&lt;init&gt;(StandardEvaluationContext.java:74)
	at org.springframework.context.expression.StandardBeanExpressionResolver.evaluate(StandardBeanExpressionResolver.java:124)
	at org.springframework.beans.factory.support.AbstractBeanFactory.evaluateBeanDefinitionString(AbstractBeanFactory.java:1299)
	at org.springframework.beans.factory.support.BeanDefinitionValueResolver.evaluate(BeanDefinitionValueResolver.java:224)
	at org.springframework.beans.factory.support.BeanDefinitionValueResolver.resolveValueIfNecessary(BeanDefinitionValueResolver.java:200)
	at org.springframework.beans.factory.support.AbstractAutowireCapableBeanFactory.applyPropertyValues(AbstractAutowireCapableBeanFactory.java:1360)
	at org.springframework.beans.factory.support.AbstractAutowireCapableBeanFactory.populateBean(AbstractAutowireCapableBeanFactory.java:1118)
	at org.springframework.beans.factory.support.AbstractAutowireCapableBeanFactory.doCreateBean(AbstractAutowireCapableBeanFactory.java:517)
	... 41 more
</error>
    <system-out>@HL
@HL-------------------------------------------------------
@HL T E S T S
@HL-------------------------------------------------------
@SLRunning com.tiago.jsonintegration.StringConversionServiceTest
2012-10-20 14:35:54,435  INFO | main | o.s.context.support.ClassPathXmlApplicationContext      | Refreshing org.springframework.context.support.ClassPathXmlApplicationContext@42bad8a8: startup date [Sat Oct 20 14:35:54 WEST 2012]; root of context hierarchy 
2012-10-20 14:35:54,558  INFO | main | o.s.beans.factory.xml.XmlBeanDefinitionReader           | Loading XML bean definitions from class path resource [com/tiago/jsonintegration//META-INF/spring/integration/spring-integration-context.xml] 
2012-10-20 14:35:55,139  INFO | main | o.s.beans.factory.support.DefaultListableBeanFactory    | Overriding bean definition for bean &apos;requestChannel&apos;: replacing [Generic bean: class [org.springframework.integration.channel.DirectChannel]; scope=; abstract=false; lazyInit=false; autowireMode=0; dependencyCheck=0; autowireCandidate=true; primary=false; factoryBeanName=null; factoryMethodName=null; initMethodName=null; destroyMethodName=null] with [Generic bean: class [org.springframework.integration.channel.DirectChannel]; scope=; abstract=false; lazyInit=false; autowireMode=0; dependencyCheck=0; autowireCandidate=true; primary=false; factoryBeanName=null; factoryMethodName=null; initMethodName=null; destroyMethodName=null] 
2012-10-20 14:35:55,229  INFO | main | o.s.i.c.xml.DefaultConfiguringBeanFactoryPostProcessor  | No bean named &apos;errorChannel&apos; has been explicitly defined. Therefore, a default PublishSubscribeChannel will be created. 
2012-10-20 14:35:55,230  INFO | main | o.s.i.c.xml.DefaultConfiguringBeanFactoryPostProcessor  | No bean named &apos;taskScheduler&apos; has been explicitly defined. Therefore, a default ThreadPoolTaskScheduler will be created. 
2012-10-20 14:35:55,251  INFO | main | o.s.beans.factory.support.DefaultListableBeanFactory    | Pre-instantiating singletons in org.springframework.beans.factory.support.DefaultListableBeanFactory@44676e3f: defining beans [mapper,org.springframework.context.annotation.internalConfigurationAnnotationProcessor,org.springframework.context.annotation.internalAutowiredAnnotationProcessor,org.springframework.context.annotation.internalRequiredAnnotationProcessor,org.springframework.context.annotation.internalCommonAnnotationProcessor,org.springframework.integration.internalDefaultConfiguringBeanFactoryPostProcessor,gateway,org.springframework.integration.config.ServiceActivatorFactoryBean#0,requestChannel,serviceActivator,replyChannel,nullChannel,errorChannel,_org.springframework.integration.errorLogger,taskScheduler,org.springframework.integration.config.IdGeneratorConfigurer#0]; root of factory hierarchy 
2012-10-20 14:35:55,334  INFO | main | o.s.beans.factory.support.DefaultListableBeanFactory    | Destroying singletons in org.springframework.beans.factory.support.DefaultListableBeanFactory@44676e3f: defining beans [mapper,org.springframework.context.annotation.internalConfigurationAnnotationProcessor,org.springframework.context.annotation.internalAutowiredAnnotationProcessor,org.springframework.context.annotation.internalRequiredAnnotationProcessor,org.springframework.context.annotation.internalCommonAnnotationProcessor,org.springframework.integration.internalDefaultConfiguringBeanFactoryPostProcessor,gateway,org.springframework.integration.config.ServiceActivatorFactoryBean#0,requestChannel,serviceActivator,replyChannel,nullChannel,errorChannel,_org.springframework.integration.errorLogger,taskScheduler,org.springframework.integration.config.IdGeneratorConfigurer#0]; root of factory hierarchy 
</system-out>
  </testcase>
  <testcase time="0.149" classname="com.tiago.jsonintegration.StringConversionServiceTest" name="testConvertStringToUpperCase">
    <error message="Error creating bean with name &apos;gateway&apos;: Initialization of bean failed; nested exception is java.lang.NoClassDefFoundError: Could not initialize class org.springframework.expression.TypedValue" type="org.springframework.beans.factory.BeanCreationException">org.springframework.beans.factory.BeanCreationException: Error creating bean with name &apos;gateway&apos;: Initialization of bean failed; nested exception is java.lang.NoClassDefFoundError: Could not initialize class org.springframework.expression.TypedValue
	at org.springframework.beans.factory.support.AbstractAutowireCapableBeanFactory.doCreateBean(AbstractAutowireCapableBeanFactory.java:527)
	at org.springframework.beans.factory.support.AbstractAutowireCapableBeanFactory.createBean(AbstractAutowireCapableBeanFactory.java:456)
	at org.springframework.beans.factory.support.AbstractBeanFactory$1.getObject(AbstractBeanFactory.java:294)
	at org.springframework.beans.factory.support.DefaultSingletonBeanRegistry.getSingleton(DefaultSingletonBeanRegistry.java:225)
	at org.springframework.beans.factory.support.AbstractBeanFactory.doGetBean(AbstractBeanFactory.java:291)
	at org.springframework.beans.factory.support.AbstractBeanFactory.getBean(AbstractBeanFactory.java:193)
	at org.springframework.beans.factory.support.DefaultListableBeanFactory.preInstantiateSingletons(DefaultListableBeanFactory.java:567)
	at org.springframework.context.support.AbstractApplicationContext.finishBeanFactoryInitialization(AbstractApplicationContext.java:895)
	at org.springframework.context.support.AbstractApplicationContext.refresh(AbstractApplicationContext.java:425)
	at org.springframework.context.support.ClassPathXmlApplicationContext.&lt;init&gt;(ClassPathXmlApplicationContext.java:197)
	at org.springframework.context.support.ClassPathXmlApplicationContext.&lt;init&gt;(ClassPathXmlApplicationContext.java:172)
	at org.springframework.context.support.ClassPathXmlApplicationContext.&lt;init&gt;(ClassPathXmlApplicationContext.java:158)
	at com.tiago.jsonintegration.StringConversionServiceTest.testConvertStringToUpperCase(StringConversionServiceTest.java:43)
	at sun.reflect.NativeMethodAccessorImpl.invoke0(Native Method)
	at sun.reflect.NativeMethodAccessorImpl.invoke(NativeMethodAccessorImpl.java:39)
	at sun.reflect.DelegatingMethodAccessorImpl.invoke(DelegatingMethodAccessorImpl.java:25)
	at java.lang.reflect.Method.invoke(Method.java:597)
	at org.junit.runners.model.FrameworkMethod$1.runReflectiveCall(FrameworkMethod.java:45)
	at org.junit.internal.runners.model.ReflectiveCallable.run(ReflectiveCallable.java:15)
	at org.junit.runners.model.FrameworkMethod.invokeExplosively(FrameworkMethod.java:42)
	at org.junit.internal.runners.statements.InvokeMethod.evaluate(InvokeMethod.java:20)
	at org.junit.runners.ParentRunner.runLeaf(ParentRunner.java:263)
	at org.junit.runners.BlockJUnit4ClassRunner.runChild(BlockJUnit4ClassRunner.java:68)
	at org.junit.runners.BlockJUnit4ClassRunner.runChild(BlockJUnit4ClassRunner.java:47)
	at org.junit.runners.ParentRunner$3.run(ParentRunner.java:231)
	at org.junit.runners.ParentRunner$1.schedule(ParentRunner.java:60)
	at org.junit.runners.ParentRunner.runChildren(ParentRunner.java:229)
	at org.junit.runners.ParentRunner.access$000(ParentRunner.java:50)
	at org.junit.runners.ParentRunner$2.evaluate(ParentRunner.java:222)
	at org.junit.runners.ParentRunner.run(ParentRunner.java:300)
	at org.apache.maven.surefire.junit4.JUnit4TestSet.execute(JUnit4TestSet.java:35)
	at org.apache.maven.surefire.junit4.JUnit4Provider.executeTestSet(JUnit4Provider.java:115)
	at org.apache.maven.surefire.junit4.JUnit4Provider.invoke(JUnit4Provider.java:97)
	at sun.reflect.NativeMethodAccessorImpl.invoke0(Native Method)
	at sun.reflect.NativeMethodAccessorImpl.invoke(NativeMethodAccessorImpl.java:39)
	at sun.reflect.DelegatingMethodAccessorImpl.invoke(DelegatingMethodAccessorImpl.java:25)
	at java.lang.reflect.Method.invoke(Method.java:597)
	at org.apache.maven.surefire.booter.ProviderFactory$ClassLoaderProxy.invoke(ProviderFactory.java:103)
	at $Proxy0.invoke(Unknown Source)
	at org.apache.maven.surefire.booter.SurefireStarter.invokeProvider(SurefireStarter.java:150)
	at org.apache.maven.surefire.booter.SurefireStarter.runSuitesInProcess(SurefireStarter.java:91)
	at org.apache.maven.surefire.booter.ForkedBooter.main(ForkedBooter.java:69)
Caused by: java.lang.NoClassDefFoundError: Could not initialize class org.springframework.expression.TypedValue
	at org.springframework.expression.spel.support.StandardEvaluationContext.setRootObject(StandardEvaluationContext.java:88)
	at org.springframework.expression.spel.support.StandardEvaluationContext.&lt;init&gt;(StandardEvaluationContext.java:74)
	at org.springframework.context.expression.StandardBeanExpressionResolver.evaluate(StandardBeanExpressionResolver.java:124)
	at org.springframework.beans.factory.support.AbstractBeanFactory.evaluateBeanDefinitionString(AbstractBeanFactory.java:1299)
	at org.springframework.beans.factory.support.BeanDefinitionValueResolver.evaluate(BeanDefinitionValueResolver.java:224)
	at org.springframework.beans.factory.support.BeanDefinitionValueResolver.resolveValueIfNecessary(BeanDefinitionValueResolver.java:200)
	at org.springframework.beans.factory.support.AbstractAutowireCapableBeanFactory.applyPropertyValues(AbstractAutowireCapableBeanFactory.java:1360)
	at org.springframework.beans.factory.support.AbstractAutowireCapableBeanFactory.populateBean(AbstractAutowireCapableBeanFactory.java:1118)
	at org.springframework.beans.factory.support.AbstractAutowireCapableBeanFactory.doCreateBean(AbstractAutowireCapableBeanFactory.java:517)
	... 41 more
</error>
    <system-out>2012-10-20 14:35:55,348  INFO | main | o.s.context.support.ClassPathXmlApplicationContext      | Refreshing org.springframework.context.support.ClassPathXmlApplicationContext@51701bdc: startup date [Sat Oct 20 14:35:55 WEST 2012]; root of context hierarchy 
2012-10-20 14:35:55,350  INFO | main | o.s.beans.factory.xml.XmlBeanDefinitionReader           | Loading XML bean definitions from class path resource [com/tiago/jsonintegration//META-INF/spring/integration/spring-integration-context.xml] 
2012-10-20 14:35:55,472  INFO | main | o.s.beans.factory.support.DefaultListableBeanFactory    | Overriding bean definition for bean &apos;requestChannel&apos;: replacing [Generic bean: class [org.springframework.integration.channel.DirectChannel]; scope=; abstract=false; lazyInit=false; autowireMode=0; dependencyCheck=0; autowireCandidate=true; primary=false; factoryBeanName=null; factoryMethodName=null; initMethodName=null; destroyMethodName=null] with [Generic bean: class [org.springframework.integration.channel.DirectChannel]; scope=; abstract=false; lazyInit=false; autowireMode=0; dependencyCheck=0; autowireCandidate=true; primary=false; factoryBeanName=null; factoryMethodName=null; initMethodName=null; destroyMethodName=null] 
2012-10-20 14:35:55,484  INFO | main | o.s.i.c.xml.DefaultConfiguringBeanFactoryPostProcessor  | No bean named &apos;errorChannel&apos; has been explicitly defined. Therefore, a default PublishSubscribeChannel will be created. 
2012-10-20 14:35:55,484  INFO | main | o.s.i.c.xml.DefaultConfiguringBeanFactoryPostProcessor  | No bean named &apos;taskScheduler&apos; has been explicitly defined. Therefore, a default ThreadPoolTaskScheduler will be created. 
2012-10-20 14:35:55,490  INFO | main | o.s.beans.factory.support.DefaultListableBeanFactory    | Pre-instantiating singletons in org.springframework.beans.factory.support.DefaultListableBeanFactory@6f57b46f: defining beans [mapper,org.springframework.context.annotation.internalConfigurationAnnotationProcessor,org.springframework.context.annotation.internalAutowiredAnnotationProcessor,org.springframework.context.annotation.internalRequiredAnnotationProcessor,org.springframework.context.annotation.internalCommonAnnotationProcessor,org.springframework.integration.internalDefaultConfiguringBeanFactoryPostProcessor,gateway,org.springframework.integration.config.ServiceActivatorFactoryBean#0,requestChannel,serviceActivator,replyChannel,nullChannel,errorChannel,_org.springframework.integration.errorLogger,taskScheduler,org.springframework.integration.config.IdGeneratorConfigurer#0]; root of factory hierarchy 
2012-10-20 14:35:55,496  INFO | main | o.s.beans.factory.support.DefaultListableBeanFactory    | Destroying singletons in org.springframework.beans.factory.support.DefaultListableBeanFactory@6f57b46f: defining beans [mapper,org.springframework.context.annotation.internalConfigurationAnnotationProcessor,org.springframework.context.annotation.internalAutowiredAnnotationProcessor,org.springframework.context.annotation.internalRequiredAnnotationProcessor,org.springframework.context.annotation.internalCommonAnnotationProcessor,org.springframework.integration.internalDefaultConfiguringBeanFactoryPostProcessor,gateway,org.springframework.integration.config.ServiceActivatorFactoryBean#0,requestChannel,serviceActivator,replyChannel,nullChannel,errorChannel,_org.springframework.integration.errorLogger,taskScheduler,org.springframework.integration.config.IdGeneratorConfigurer#0]; root of factory hierarchy 
</system-out>
  </testcase>
</testsuite>